#
# A fatal error has been detected by the Java Runtime Environment:
#
#  EXCEPTION_ACCESS_VIOLATION (0xc0000005) at pc=0x5d85950a, pid=4492, tid=4344
#
# JRE version: Java(TM) SE Runtime Environment (8.0_20-b26) (build 1.8.0_20-b26)
# Java VM: Java HotSpot(TM) Client VM (25.20-b23 mixed mode windows-x86 )
# Problematic frame:
# C  [awt.dll+0x7950a]
#
# Failed to write core dump. Minidumps are not enabled by default on client versions of Windows
#
# If you would like to submit a bug report, please visit:
#   http://bugreport.sun.com/bugreport/crash.jsp
# The crash happened outside the Java Virtual Machine in native code.
# See problematic frame for where to report the bug.
#

---------------  T H R E A D  ---------------

Current thread (0x149a1000):  JavaThread "AWT-Windows" daemon [_thread_in_native, id=4344, stack(0x14eb0000,0x14f00000)]

siginfo: ExceptionCode=0xc0000005, reading address 0x00000008

Registers:
EAX=0x00000000, EBX=0x15467250, ECX=0x15467250, EDX=0xfffffe60
ESP=0x14efee80, EBP=0x14efeeac, ESI=0x15467250, EDI=0x14efeecc
EIP=0x5d85950a, EFLAGS=0x00010202

Top of Stack: (sp=0x14efee80)
0x14efee80:   149a1138 5d873d4b dc010f24 15467250
0x14efee90:   00000000 00000000 00000000 14efef5c
0x14efeea0:   1495d018 1495d010 1495d014 14efef08
0x14efeeb0:   5d873f14 dc010f24 14efeecc 00000001
0x14efeec0:   15467250 dc010f24 00000000 00000000
0x14efeed0:   00000000 00000027 00000024 00000000
0x14efeee0:   00000000 00050750 00000000 950f7000
0x14efeef0:   14efeeb4 8340240b 0000016c 94ed5bec 

Instructions: (pc=0x5d85950a)
0x5d8594ea:   ff 50 e8 cd 6d ff ff 59 89 46 50 83 7e 50 00 75
0x5d8594fa:   0c ff 76 48 e8 bb 6d ff ff 59 89 46 50 8b 46 50
0x5d85950a:   8b 40 08 5e c3 56 ff 74 24 0c e8 a6 e9 ff ff 8b
0x5d85951a:   f0 59 85 f6 74 31 8b ce e8 6d ff ff ff 50 ff 74 


Register to memory mapping:

EAX=0x00000000 is an unknown value
EBX=0x15467250 is an unknown value
ECX=0x15467250 is an unknown value
EDX=0xfffffe60 is an unknown value
ESP=0x14efee80 is pointing into the stack for thread: 0x149a1000
EBP=0x14efeeac is pointing into the stack for thread: 0x149a1000
ESI=0x15467250 is an unknown value
EDI=0x14efeecc is pointing into the stack for thread: 0x149a1000


Stack: [0x14eb0000,0x14f00000],  sp=0x14efee80,  free space=315k
Native frames: (J=compiled Java code, j=interpreted, Vv=VM code, C=native code)
C  [awt.dll+0x7950a]
C  [awt.dll+0x93f14]
C  [awt.dll+0x7a333]
C  [awt.dll+0x77f69]
C  [USER32.dll+0x7433]
C  [USER32.dll+0x7980]
C  [USER32.dll+0x9cfb]
C  [awt.dll+0x117df]
C  [COMCTL32.dll+0x7e2c2]
C  [COMCTL32.dll+0x7e19a]
C  [USER32.dll+0x7433]
C  [USER32.dll+0x993d]
C  [USER32.dll+0x92b0]
C  [USER32.dll+0x8f53]
C  [ntdll.dll+0x1706e]
C  [USER32.dll+0x7c19]
C  [awt.dll+0xa6754]

Java frames: (J=compiled Java code, j=interpreted, Vv=VM code)
j  sun.awt.windows.WToolkit.eventLoop()V+0
j  sun.awt.windows.WToolkit.run()V+58
j  java.lang.Thread.run()V+11
v  ~StubRoutines::call_stub

---------------  P R O C E S S  ---------------

Java Threads: ( => current thread )
  0x149ee000 JavaThread "AWT-EventQueue-0" [_thread_blocked, id=5544, stack(0x15810000,0x15860000)]
=>0x149a1000 JavaThread "AWT-Windows" daemon [_thread_in_native, id=4344, stack(0x14eb0000,0x14f00000)]
  0x149a0000 JavaThread "AWT-Shutdown" [_thread_blocked, id=6104, stack(0x14e20000,0x14e70000)]
  0x1499f800 JavaThread "Java2D Disposer" daemon [_thread_blocked, id=3056, stack(0x14dd0000,0x14e20000)]
  0x14876000 JavaThread "Service Thread" daemon [_thread_blocked, id=3444, stack(0x14b30000,0x14b80000)]
  0x14848400 JavaThread "C1 CompilerThread0" daemon [_thread_blocked, id=3496, stack(0x14ae0000,0x14b30000)]
  0x14847000 JavaThread "Attach Listener" daemon [_thread_blocked, id=4124, stack(0x14a90000,0x14ae0000)]
  0x14845000 JavaThread "Signal Dispatcher" daemon [_thread_blocked, id=4112, stack(0x14a40000,0x14a90000)]
  0x147f3c00 JavaThread "Finalizer" daemon [_thread_blocked, id=7976, stack(0x149f0000,0x14a40000)]
  0x021bd400 JavaThread "Reference Handler" daemon [_thread_blocked, id=6240, stack(0x147a0000,0x147f0000)]
  0x01d3b800 JavaThread "main" [_thread_in_native, id=4592, stack(0x01ca0000,0x01cf0000)]

Other Threads:
  0x021b9c00 VMThread [stack: 0x14750000,0x147a0000] [id=1372]
  0x1487c800 WatcherThread [stack: 0x14b80000,0x14bd0000] [id=7176]

VM state:not at safepoint (normal execution)

VM Mutex/Monitor currently owned by a thread: None

Heap:
 def new generation   total 4928K, used 1473K [0x04200000, 0x04750000, 0x09750000)
  eden space 4416K,  33% used [0x04200000, 0x0436f430, 0x04650000)
  from space 512K,   0% used [0x04650000, 0x046510b8, 0x046d0000)
  to   space 512K,   0% used [0x046d0000, 0x046d0000, 0x04750000)
 tenured generation   total 10944K, used 5746K [0x09750000, 0x0a200000, 0x14200000)
   the space 10944K,  52% used [0x09750000, 0x09cec8c8, 0x09ceca00, 0x0a200000)
 Metaspace       used 5481K, capacity 5619K, committed 5760K, reserved 6528K

Card table byte_map: [0x14200000,0x14290000] byte_map_base: 0x141df000

Polling page: 0x00d90000

CodeCache: size=32768Kb used=1550Kb max_used=1550Kb free=31217Kb
 bounds [0x021c0000, 0x02348000, 0x041c0000]
 total_blobs=855 nmethods=647 adapters=140
 compilation: enabled

Compilation events (10 events):
Event: 27.314 Thread 0x14848400  645             java.io.BufferedReader::fill (170 bytes)
Event: 27.314 Thread 0x14848400 nmethod 645 0x023424c8 code [0x023425f0, 0x023428f4]
Event: 27.315 Thread 0x14848400  646             java.io.BufferedReader::<init> (62 bytes)
Event: 27.316 Thread 0x14848400 nmethod 646 0x02342a48 code [0x02342b60, 0x02342db8]
Event: 27.330 Thread 0x14848400  647             java.lang.AbstractStringBuilder::append (191 bytes)
Event: 27.330 Thread 0x14848400 nmethod 647 0x02342ec8 code [0x02342fe0, 0x023431d8]
Event: 27.571 Thread 0x14848400  648             RealRun5::moveForward (41 bytes)
Event: 27.571 Thread 0x14848400 nmethod 648 0x023433c8 code [0x023434d0, 0x023435bc]
Event: 32.308 Thread 0x14848400  649             RealRun5::turnRight (176 bytes)
Event: 32.309 Thread 0x14848400 nmethod 649 0x023436c8 code [0x023437f0, 0x02343a58]

GC Heap History (10 events):
Event: 44.787 GC heap before
{Heap before GC invocations=189 (full 0):
 def new generation   total 4928K, used 4427K [0x04200000, 0x04750000, 0x09750000)
  eden space 4416K, 100% used [0x04200000, 0x04650000, 0x04650000)
  from space 512K,   2% used [0x046d0000, 0x046d2fe8, 0x04750000)
  to   space 512K,   0% used [0x04650000, 0x04650000, 0x046d0000)
 tenured generation   total 10944K, used 5745K [0x09750000, 0x0a200000, 0x14200000)
   the space 10944K,  52% used [0x09750000, 0x09cec508, 0x09cec600, 0x0a200000)
 Metaspace       used 5481K, capacity 5619K, committed 5760K, reserved 6528K
Event: 44.787 GC heap after
Heap after GC invocations=190 (full 0):
 def new generation   total 4928K, used 3K [0x04200000, 0x04750000, 0x09750000)
  eden space 4416K,   0% used [0x04200000, 0x04200000, 0x04650000)
  from space 512K,   0% used [0x04650000, 0x04650fd8, 0x046d0000)
  to   space 512K,   0% used [0x046d0000, 0x046d0000, 0x04750000)
 tenured generation   total 10944K, used 5745K [0x09750000, 0x0a200000, 0x14200000)
   the space 10944K,  52% used [0x09750000, 0x09cec5c8, 0x09cec600, 0x0a200000)
 Metaspace       used 5481K, capacity 5619K, committed 5760K, reserved 6528K
}
Event: 44.897 GC heap before
{Heap before GC invocations=190 (full 0):
 def new generation   total 4928K, used 4419K [0x04200000, 0x04750000, 0x09750000)
  eden space 4416K, 100% used [0x04200000, 0x04650000, 0x04650000)
  from space 512K,   0% used [0x04650000, 0x04650fd8, 0x046d0000)
  to   space 512K,   0% used [0x046d0000, 0x046d0000, 0x04750000)
 tenured generation   total 10944K, used 5745K [0x09750000, 0x0a200000, 0x14200000)
   the space 10944K,  52% used [0x09750000, 0x09cec5c8, 0x09cec600, 0x0a200000)
 Metaspace       used 5481K, capacity 5619K, committed 5760K, reserved 6528K
Event: 44.898 GC heap after
Heap after GC invocations=191 (full 0):
 def new generation   total 4928K, used 4K [0x04200000, 0x04750000, 0x09750000)
  eden space 4416K,   0% used [0x04200000, 0x04200000, 0x04650000)
  from space 512K,   0% used [0x046d0000, 0x046d1098, 0x04750000)
  to   space 512K,   0% used [0x04650000, 0x04650000, 0x046d0000)
 tenured generation   total 10944K, used 5745K [0x09750000, 0x0a200000, 0x14200000)
   the space 10944K,  52% used [0x09750000, 0x09cec688, 0x09cec800, 0x0a200000)
 Metaspace       used 5481K, capacity 5619K, committed 5760K, reserved 6528K
}
Event: 45.015 GC heap before
{Heap before GC invocations=191 (full 0):
 def new generation   total 4928K, used 4420K [0x04200000, 0x04750000, 0x09750000)
  eden space 4416K, 100% used [0x04200000, 0x04650000, 0x04650000)
  from space 512K,   0% used [0x046d0000, 0x046d1098, 0x04750000)
  to   space 512K,   0% used [0x04650000, 0x04650000, 0x046d0000)
 tenured generation   total 10944K, used 5745K [0x09750000, 0x0a200000, 0x14200000)
   the space 10944K,  52% used [0x09750000, 0x09cec688, 0x09cec800, 0x0a200000)
 Metaspace       used 5481K, capacity 5619K, committed 5760K, reserved 6528K
Event: 45.016 GC heap after
Heap after GC invocations=192 (full 0):
 def new generation   total 4928K, used 3K [0x04200000, 0x04750000, 0x09750000)
  eden space 4416K,   0% used [0x04200000, 0x04200000, 0x04650000)
  from space 512K,   0% used [0x04650000, 0x04650f38, 0x046d0000)
  to   space 512K,   0% used [0x046d0000, 0x046d0000, 0x04750000)
 tenured generation   total 10944K, used 5745K [0x09750000, 0x0a200000, 0x14200000)
   the space 10944K,  52% used [0x09750000, 0x09cec748, 0x09cec800, 0x0a200000)
 Metaspace       used 5481K, capacity 5619K, committed 5760K, reserved 6528K
}
Event: 45.122 GC heap before
{Heap before GC invocations=192 (full 0):
 def new generation   total 4928K, used 4419K [0x04200000, 0x04750000, 0x09750000)
  eden space 4416K, 100% used [0x04200000, 0x04650000, 0x04650000)
  from space 512K,   0% used [0x04650000, 0x04650f38, 0x046d0000)
  to   space 512K,   0% used [0x046d0000, 0x046d0000, 0x04750000)
 tenured generation   total 10944K, used 5745K [0x09750000, 0x0a200000, 0x14200000)
   the space 10944K,  52% used [0x09750000, 0x09cec748, 0x09cec800, 0x0a200000)
 Metaspace       used 5481K, capacity 5619K, committed 5760K, reserved 6528K
Event: 45.123 GC heap after
Heap after GC invocations=193 (full 0):
 def new generation   total 4928K, used 3K [0x04200000, 0x04750000, 0x09750000)
  eden space 4416K,   0% used [0x04200000, 0x04200000, 0x04650000)
  from space 512K,   0% used [0x046d0000, 0x046d0e98, 0x04750000)
  to   space 512K,   0% used [0x04650000, 0x04650000, 0x046d0000)
 tenured generation   total 10944K, used 5746K [0x09750000, 0x0a200000, 0x14200000)
   the space 10944K,  52% used [0x09750000, 0x09cec808, 0x09ceca00, 0x0a200000)
 Metaspace       used 5481K, capacity 5619K, committed 5760K, reserved 6528K
}
Event: 45.235 GC heap before
{Heap before GC invocations=193 (full 0):
 def new generation   total 4928K, used 4415K [0x04200000, 0x04750000, 0x09750000)
  eden space 4416K,  99% used [0x04200000, 0x0464ee68, 0x04650000)
  from space 512K,   0% used [0x046d0000, 0x046d0e98, 0x04750000)
  to   space 512K,   0% used [0x04650000, 0x04650000, 0x046d0000)
 tenured generation   total 10944K, used 5746K [0x09750000, 0x0a200000, 0x14200000)
   the space 10944K,  52% used [0x09750000, 0x09cec808, 0x09ceca00, 0x0a200000)
 Metaspace       used 5481K, capacity 5619K, committed 5760K, reserved 6528K
Event: 45.236 GC heap after
Heap after GC invocations=194 (full 0):
 def new generation   total 4928K, used 4K [0x04200000, 0x04750000, 0x09750000)
  eden space 4416K,   0% used [0x04200000, 0x04200000, 0x04650000)
  from space 512K,   0% used [0x04650000, 0x046510b8, 0x046d0000)
  to   space 512K,   0% used [0x046d0000, 0x046d0000, 0x04750000)
 tenured generation   total 10944K, used 5746K [0x09750000, 0x0a200000, 0x14200000)
   the space 10944K,  52% used [0x09750000, 0x09cec8c8, 0x09ceca00, 0x0a200000)
 Metaspace       used 5481K, capacity 5619K, committed 5760K, reserved 6528K
}

Deoptimization events (0 events):
No events

Internal exceptions (10 events):
Event: 45.231 Thread 0x01d3b800 Exception <a 'java/net/SocketException': Software caused connection abort: socket write error> (0x046288f8) thrown at [D:\re\workspace\8-2-build-windows-i586-cygwin\jdk8u20\1074\hotspot\src\share\vm\prims\jni.cpp, line 742]
Event: 45.233 Thread 0x01d3b800 Exception <a 'java/net/SocketException': Software caused connection abort: socket write error> (0x0463d778) thrown at [D:\re\workspace\8-2-build-windows-i586-cygwin\jdk8u20\1074\hotspot\src\share\vm\prims\jni.cpp, line 742]
Event: 45.234 Thread 0x01d3b800 Exception <a 'java/net/SocketException': Software caused connection abort: socket write error> (0x046445e8) thrown at [D:\re\workspace\8-2-build-windows-i586-cygwin\jdk8u20\1074\hotspot\src\share\vm\prims\jni.cpp, line 742]
Event: 45.236 Thread 0x01d3b800 Exception <a 'java/net/SocketException': Software caused connection abort: socket write error> (0x042061d0) thrown at [D:\re\workspace\8-2-build-windows-i586-cygwin\jdk8u20\1074\hotspot\src\share\vm\prims\jni.cpp, line 742]
Event: 45.237 Thread 0x01d3b800 Exception <a 'java/net/SocketException': Software caused connection abort: socket write error> (0x04213060) thrown at [D:\re\workspace\8-2-build-windows-i586-cygwin\jdk8u20\1074\hotspot\src\share\vm\prims\jni.cpp, line 742]
Event: 45.238 Thread 0x01d3b800 Exception <a 'java/net/SocketException': Software caused connection abort: socket write error> (0x04215c40) thrown at [D:\re\workspace\8-2-build-windows-i586-cygwin\jdk8u20\1074\hotspot\src\share\vm\prims\jni.cpp, line 742]
Event: 45.239 Thread 0x01d3b800 Exception <a 'java/net/SocketException': Software caused connection abort: socket write error> (0x0422a4d0) thrown at [D:\re\workspace\8-2-build-windows-i586-cygwin\jdk8u20\1074\hotspot\src\share\vm\prims\jni.cpp, line 742]
Event: 45.240 Thread 0x01d3b800 Exception <a 'java/net/SocketException': Software caused connection abort: socket write error> (0x04237240) thrown at [D:\re\workspace\8-2-build-windows-i586-cygwin\jdk8u20\1074\hotspot\src\share\vm\prims\jni.cpp, line 742]
Event: 45.241 Thread 0x01d3b800 Exception <a 'java/net/SocketException': Software caused connection abort: socket write error> (0x042381d8) thrown at [D:\re\workspace\8-2-build-windows-i586-cygwin\jdk8u20\1074\hotspot\src\share\vm\prims\jni.cpp, line 742]
Event: 45.242 Thread 0x01d3b800 Exception <a 'java/net/SocketException': Software caused connection abort: socket write error> (0x04253578) thrown at [D:\re\workspace\8-2-build-windows-i586-cygwin\jdk8u20\1074\hotspot\src\share\vm\prims\jni.cpp, line 742]

Events (10 events):
Event: 44.786 Executing VM operation: GenCollectForAllocation
Event: 44.787 Executing VM operation: GenCollectForAllocation done
Event: 44.897 Executing VM operation: GenCollectForAllocation
Event: 44.898 Executing VM operation: GenCollectForAllocation done
Event: 45.015 Executing VM operation: GenCollectForAllocation
Event: 45.016 Executing VM operation: GenCollectForAllocation done
Event: 45.122 Executing VM operation: GenCollectForAllocation
Event: 45.123 Executing VM operation: GenCollectForAllocation done
Event: 45.235 Executing VM operation: GenCollectForAllocation
Event: 45.236 Executing VM operation: GenCollectForAllocation done


Dynamic libraries:
0x00d10000 - 0x00d40000 	C:\ProgramData\Oracle\Java\javapath\java.exe
0x77770000 - 0x778d7000 	C:\Windows\SYSTEM32\ntdll.dll
0x76fa0000 - 0x77098000 	C:\Windows\system32\KERNEL32.DLL
0x74e00000 - 0x74ebc000 	C:\Windows\system32\KERNELBASE.dll
0x6f870000 - 0x6f917000 	C:\Windows\system32\apphelp.dll
0x752e0000 - 0x7538e000 	C:\Windows\system32\ADVAPI32.dll
0x77290000 - 0x773b0000 	C:\Windows\system32\USER32.dll
0x72ad0000 - 0x72cc8000 	C:\Windows\WinSxS\x86_microsoft.windows.common-controls_6595b64144ccf1df_6.0.9200.16579_none_8937eec6860750f5\COMCTL32.dll
0x76ce0000 - 0x76d91000 	C:\Windows\system32\msvcrt.dll
0x76db0000 - 0x76de4000 	C:\Windows\SYSTEM32\sechost.dll
0x76580000 - 0x76651000 	C:\Windows\system32\RPCRT4.dll
0x773b0000 - 0x774bb000 	C:\Windows\system32\GDI32.dll
0x766b0000 - 0x766db000 	C:\Windows\system32\IMM32.DLL
0x77690000 - 0x7776e000 	C:\Windows\system32\MSCTF.dll
0x68760000 - 0x6881f000 	D:\Program Files\Java\jdk1.8.0_20\bin\msvcr100.dll
0x5ca50000 - 0x5cdf2000 	D:\Program Files\Java\jdk1.8.0_20\bin\client\jvm.dll
0x723d0000 - 0x723d8000 	C:\Windows\SYSTEM32\WSOCK32.dll
0x6ec50000 - 0x6ec71000 	C:\Windows\SYSTEM32\WINMM.dll
0x76da0000 - 0x76da6000 	C:\Windows\system32\PSAPI.DLL
0x76660000 - 0x766b0000 	C:\Windows\system32\WS2_32.dll
0x6d9e0000 - 0x6da0b000 	C:\Windows\SYSTEM32\WINMMBASE.dll
0x774c0000 - 0x774c8000 	C:\Windows\system32\NSI.dll
0x74f50000 - 0x74f96000 	C:\Windows\SYSTEM32\cfgmgr32.dll
0x74de0000 - 0x74dfe000 	C:\Windows\system32\DEVOBJ.dll
0x728e0000 - 0x728ec000 	D:\Program Files\Java\jdk1.8.0_20\bin\verify.dll
0x72100000 - 0x72121000 	D:\Program Files\Java\jdk1.8.0_20\bin\java.dll
0x72300000 - 0x72313000 	D:\Program Files\Java\jdk1.8.0_20\bin\zip.dll
0x754b0000 - 0x76576000 	C:\Windows\system32\SHELL32.dll
0x751a0000 - 0x752d6000 	C:\Windows\SYSTEM32\combase.dll
0x77250000 - 0x77290000 	C:\Windows\system32\SHLWAPI.dll
0x76f20000 - 0x76f93000 	C:\Windows\system32\SHCORE.dll
0x74da0000 - 0x74db1000 	C:\Windows\system32\profapi.dll
0x71cb0000 - 0x71cc4000 	D:\Program Files\Java\jdk1.8.0_20\bin\net.dll
0x746f0000 - 0x7473a000 	C:\Windows\system32\mswsock.dll
0x5d7e0000 - 0x5d926000 	D:\Program Files\Java\jdk1.8.0_20\bin\awt.dll
0x76bf0000 - 0x76c7b000 	C:\Windows\system32\OLEAUT32.dll
0x72cd0000 - 0x72cea000 	C:\Windows\system32\DWMAPI.DLL
0x73960000 - 0x73a07000 	C:\Windows\system32\uxtheme.dll
0x75390000 - 0x754a9000 	C:\Windows\system32\ole32.dll
0x74bd0000 - 0x74bd9000 	C:\Windows\SYSTEM32\CRYPTBASE.dll
0x74b70000 - 0x74bc1000 	C:\Windows\SYSTEM32\bcryptPrimitives.dll
0x69660000 - 0x69698000 	D:\Program Files\Java\jdk1.8.0_20\bin\fontmanager.dll
0x6d040000 - 0x6d169000 	C:\Windows\SYSTEM32\dbghelp.dll

VM Arguments:
java_command: Testing
java_class_path (initial): .;D:\Program Files\Java\jdk1.8.0_20\bin;
Launcher Type: SUN_STANDARD

Environment Variables:
CLASSPATH=.;D:\Program Files\Java\jdk1.8.0_20\bin;
PATH=.;C:\ProgramData\Oracle\Java\javapath;C:\Windows\system32;C:\Windows;C:\Windows\System32\Wbem;C:\Windows\System32\WindowsPowerShell\v1.0\;D:\Program Files\nodejs\;D:\Program Files\Java\jdk1.8.0_20\bin;D:\Program Files\MATLAB\runtime\win32;D:\Program Files\MATLAB\bin;D:\MinGW\bin;C:\Users\GU000_000\AppData\Roaming\npm
USERNAME=GU000_000
OS=Windows_NT
PROCESSOR_IDENTIFIER=x86 Family 6 Model 42 Stepping 7, GenuineIntel



---------------  S Y S T E M  ---------------

OS: Windows 8 Build 9200 

CPU:total 4 (2 cores per cpu, 2 threads per core) family 6 model 42 stepping 7, cmov, cx8, fxsr, mmx, sse, sse2, sse3, ssse3, sse4.1, sse4.2, popcnt, avx, clmul, ht, tsc, tscinvbit

Memory: 4k page, physical 3056876k(1963784k free), swap 4891884k(3421732k free)

vm_info: Java HotSpot(TM) Client VM (25.20-b23) for windows-x86 JRE (1.8.0_20-b26), built on Jul 30 2014 18:14:41 by "java_re" with MS VC++ 10.0 (VS2010)

time: Thu Oct 30 10:42:16 2014
elapsed time: 45 seconds (0d 0h 0m 45s)

